[2023-05-12T20:08:52.748-0500] {manager.py:487} INFO - Processing files using up to 1 processes at a time 
[2023-05-12T20:08:52.748-0500] {manager.py:488} INFO - Process each file at most once every 30 seconds
[2023-05-12T20:08:52.749-0500] {manager.py:489} INFO - Checking for new files in /home/adavid/Programacion/Python/DataScience/airFlowDemo/airflow/dags every 300 seconds
[2023-05-12T20:08:52.750-0500] {manager.py:758} INFO - Searching for files in /home/adavid/Programacion/Python/DataScience/airFlowDemo/airflow/dags
[2023-05-12T20:08:52.755-0500] {manager.py:761} INFO - There are 1 files in /home/adavid/Programacion/Python/DataScience/airFlowDemo/airflow/dags
[2023-05-12T20:08:53.771-0500] {manager.py:889} INFO - 
================================================================================
DAG File Processing Stats

File Path                                                                       PID    Runtime      # DAGs    # Errors  Last Runtime    Last Run
------------------------------------------------------------------------------  -----  ---------  --------  ----------  --------------  -------------------
/home/adavid/Programacion/Python/DataScience/airFlowDemo/airflow/dags/first.py                           1           0  0.83s           2023-05-13T01:08:53
================================================================================
[2023-05-12T20:09:24.194-0500] {manager.py:889} INFO - 
================================================================================
DAG File Processing Stats

File Path                                                                       PID    Runtime      # DAGs    # Errors  Last Runtime    Last Run
------------------------------------------------------------------------------  -----  ---------  --------  ----------  --------------  -------------------
/home/adavid/Programacion/Python/DataScience/airFlowDemo/airflow/dags/first.py                           1           0  0.42s           2023-05-13T01:09:24
================================================================================
[2023-05-12T20:09:54.941-0500] {manager.py:889} INFO - 
================================================================================
DAG File Processing Stats

File Path                                                                       PID    Runtime      # DAGs    # Errors  Last Runtime    Last Run
------------------------------------------------------------------------------  -----  ---------  --------  ----------  --------------  -------------------
/home/adavid/Programacion/Python/DataScience/airFlowDemo/airflow/dags/first.py                           1           0  0.42s           2023-05-13T01:09:54
================================================================================
[2023-05-12T20:10:26.341-0500] {manager.py:889} INFO - 
================================================================================
DAG File Processing Stats

File Path                                                                       PID    Runtime      # DAGs    # Errors  Last Runtime    Last Run
------------------------------------------------------------------------------  -----  ---------  --------  ----------  --------------  -------------------
/home/adavid/Programacion/Python/DataScience/airFlowDemo/airflow/dags/first.py                           1           0  0.42s           2023-05-13T01:10:26
================================================================================
[2023-05-12T20:10:57.031-0500] {manager.py:889} INFO - 
================================================================================
DAG File Processing Stats

File Path                                                                       PID    Runtime      # DAGs    # Errors  Last Runtime    Last Run
------------------------------------------------------------------------------  -----  ---------  --------  ----------  --------------  -------------------
/home/adavid/Programacion/Python/DataScience/airFlowDemo/airflow/dags/first.py                           1           0  0.52s           2023-05-13T01:10:57
================================================================================
[2023-05-12T20:11:28.346-0500] {manager.py:889} INFO - 
================================================================================
DAG File Processing Stats

File Path                                                                       PID    Runtime      # DAGs    # Errors  Last Runtime    Last Run
------------------------------------------------------------------------------  -----  ---------  --------  ----------  --------------  -------------------
/home/adavid/Programacion/Python/DataScience/airFlowDemo/airflow/dags/first.py                           1           0  0.42s           2023-05-13T01:11:28
================================================================================
[2023-05-12T20:11:59.207-0500] {manager.py:889} INFO - 
================================================================================
DAG File Processing Stats

File Path                                                                       PID    Runtime      # DAGs    # Errors  Last Runtime    Last Run
------------------------------------------------------------------------------  -----  ---------  --------  ----------  --------------  -------------------
/home/adavid/Programacion/Python/DataScience/airFlowDemo/airflow/dags/first.py                           1           0  0.64s           2023-05-13T01:11:59
================================================================================
[2023-05-12T20:12:29.795-0500] {manager.py:889} INFO - 
================================================================================
DAG File Processing Stats

File Path                                                                       PID    Runtime      # DAGs    # Errors  Last Runtime    Last Run
------------------------------------------------------------------------------  -----  ---------  --------  ----------  --------------  -------------------
/home/adavid/Programacion/Python/DataScience/airFlowDemo/airflow/dags/first.py                           1           0  0.53s           2023-05-13T01:12:29
================================================================================
[2023-05-12T20:13:00.391-0500] {manager.py:889} INFO - 
================================================================================
DAG File Processing Stats

File Path                                                                       PID    Runtime      # DAGs    # Errors  Last Runtime    Last Run
------------------------------------------------------------------------------  -----  ---------  --------  ----------  --------------  -------------------
/home/adavid/Programacion/Python/DataScience/airFlowDemo/airflow/dags/first.py                           1           0  0.42s           2023-05-13T01:13:00
================================================================================
[2023-05-12T20:13:32.327-0500] {manager.py:889} INFO - 
================================================================================
DAG File Processing Stats

File Path                                                                       PID    Runtime      # DAGs    # Errors  Last Runtime    Last Run
------------------------------------------------------------------------------  -----  ---------  --------  ----------  --------------  -------------------
/home/adavid/Programacion/Python/DataScience/airFlowDemo/airflow/dags/first.py                           1           0  0.94s           2023-05-13T01:13:32
================================================================================
[2023-05-12T20:13:52.818-0500] {manager.py:758} INFO - Searching for files in /home/adavid/Programacion/Python/DataScience/airFlowDemo/airflow/dags
[2023-05-12T20:13:52.830-0500] {manager.py:761} INFO - There are 1 files in /home/adavid/Programacion/Python/DataScience/airFlowDemo/airflow/dags
[2023-05-12T20:14:04.390-0500] {manager.py:889} INFO - 
================================================================================
DAG File Processing Stats

File Path                                                                       PID    Runtime      # DAGs    # Errors  Last Runtime    Last Run
------------------------------------------------------------------------------  -----  ---------  --------  ----------  --------------  -------------------
/home/adavid/Programacion/Python/DataScience/airFlowDemo/airflow/dags/first.py                           1           0  0.73s           2023-05-13T01:14:04
================================================================================
[2023-05-12T20:14:35.026-0500] {manager.py:889} INFO - 
================================================================================
DAG File Processing Stats

File Path                                                                       PID    Runtime      # DAGs    # Errors  Last Runtime    Last Run
------------------------------------------------------------------------------  -----  ---------  --------  ----------  --------------  -------------------
/home/adavid/Programacion/Python/DataScience/airFlowDemo/airflow/dags/first.py                           1           0  0.42s           2023-05-13T01:14:35
================================================================================
[2023-05-12T20:15:08.066-0500] {manager.py:889} INFO - 
================================================================================
DAG File Processing Stats

File Path                                                                       PID    Runtime      # DAGs    # Errors  Last Runtime    Last Run
------------------------------------------------------------------------------  -----  ---------  --------  ----------  --------------  -------------------
/home/adavid/Programacion/Python/DataScience/airFlowDemo/airflow/dags/first.py                           1           0  1.16s           2023-05-13T01:15:08
================================================================================
[2023-05-12T20:16:01.836-0500] {manager.py:889} INFO - 
================================================================================
DAG File Processing Stats

File Path                                                                       PID    Runtime      # DAGs    # Errors  Last Runtime    Last Run
------------------------------------------------------------------------------  -----  ---------  --------  ----------  --------------  -------------------
/home/adavid/Programacion/Python/DataScience/airFlowDemo/airflow/dags/first.py                           1           0  1.12s           2023-05-13T01:16:01
================================================================================
[2023-05-12T20:16:33.436-0500] {manager.py:889} INFO - 
================================================================================
DAG File Processing Stats

File Path                                                                       PID    Runtime      # DAGs    # Errors  Last Runtime    Last Run
------------------------------------------------------------------------------  -----  ---------  --------  ----------  --------------  -------------------
/home/adavid/Programacion/Python/DataScience/airFlowDemo/airflow/dags/first.py                           1           0  1.36s           2023-05-13T01:16:33
================================================================================
[2023-05-12T20:17:05.676-0500] {manager.py:889} INFO - 
================================================================================
DAG File Processing Stats

File Path                                                                       PID    Runtime      # DAGs    # Errors  Last Runtime    Last Run
------------------------------------------------------------------------------  -----  ---------  --------  ----------  --------------  -------------------
/home/adavid/Programacion/Python/DataScience/airFlowDemo/airflow/dags/first.py                           1           0  1.95s           2023-05-13T01:17:05
================================================================================
[2023-05-12T20:17:37.420-0500] {manager.py:889} INFO - 
================================================================================
DAG File Processing Stats

File Path                                                                       PID    Runtime      # DAGs    # Errors  Last Runtime    Last Run
------------------------------------------------------------------------------  -----  ---------  --------  ----------  --------------  -------------------
/home/adavid/Programacion/Python/DataScience/airFlowDemo/airflow/dags/first.py                           1           0  1.13s           2023-05-13T01:17:37
================================================================================
[2023-05-12T20:18:08.776-0500] {manager.py:889} INFO - 
================================================================================
DAG File Processing Stats

File Path                                                                       PID    Runtime      # DAGs    # Errors  Last Runtime    Last Run
------------------------------------------------------------------------------  -----  ---------  --------  ----------  --------------  -------------------
/home/adavid/Programacion/Python/DataScience/airFlowDemo/airflow/dags/first.py                           1           0  1.14s           2023-05-13T01:18:08
================================================================================
[2023-05-12T20:18:41.235-0500] {manager.py:889} INFO - 
================================================================================
DAG File Processing Stats

File Path                                                                       PID    Runtime      # DAGs    # Errors  Last Runtime    Last Run
------------------------------------------------------------------------------  -----  ---------  --------  ----------  --------------  -------------------
/home/adavid/Programacion/Python/DataScience/airFlowDemo/airflow/dags/first.py                           1           0  1.69s           2023-05-13T01:18:41
================================================================================
[2023-05-12T20:18:50.410-0500] {manager.py:470} INFO - Exiting gracefully upon receiving signal 15
