[2023-05-12T20:08:52.960-0500] {processor.py:156} INFO - Started process (PID=7940) to work on /home/adavid/Programacion/Python/DataScience/airFlowDemo/airflow/dags/first.py
[2023-05-12T20:08:52.963-0500] {processor.py:799} INFO - Processing file /home/adavid/Programacion/Python/DataScience/airFlowDemo/airflow/dags/first.py for tasks to queue
[2023-05-12T20:08:52.966-0500] {logging_mixin.py:149} INFO - [2023-05-12T20:08:52.965-0500] {dagbag.py:541} INFO - Filling up the DagBag from /home/adavid/Programacion/Python/DataScience/airFlowDemo/airflow/dags/first.py
[2023-05-12T20:08:53.007-0500] {processor.py:809} INFO - DAG(s) dict_keys(['first']) retrieved from /home/adavid/Programacion/Python/DataScience/airFlowDemo/airflow/dags/first.py
[2023-05-12T20:08:53.515-0500] {logging_mixin.py:149} INFO - [2023-05-12T20:08:53.514-0500] {manager.py:504} INFO - Created Permission View: can read on DAG:first
[2023-05-12T20:08:53.550-0500] {logging_mixin.py:149} INFO - [2023-05-12T20:08:53.549-0500] {manager.py:504} INFO - Created Permission View: can edit on DAG:first
[2023-05-12T20:08:53.585-0500] {logging_mixin.py:149} INFO - [2023-05-12T20:08:53.585-0500] {manager.py:504} INFO - Created Permission View: can delete on DAG:first
[2023-05-12T20:08:53.586-0500] {logging_mixin.py:149} INFO - [2023-05-12T20:08:53.586-0500] {dag.py:2726} INFO - Sync 1 DAGs
[2023-05-12T20:08:53.632-0500] {logging_mixin.py:149} INFO - [2023-05-12T20:08:53.631-0500] {dag.py:2747} INFO - Creating ORM DAG for first
[2023-05-12T20:08:53.667-0500] {logging_mixin.py:149} INFO - [2023-05-12T20:08:53.666-0500] {dag.py:3486} INFO - Setting next_dagrun for first to 2023-05-11T00:00:00+00:00, run_after=2023-05-12T00:00:00+00:00
[2023-05-12T20:08:53.740-0500] {processor.py:178} INFO - Processing /home/adavid/Programacion/Python/DataScience/airFlowDemo/airflow/dags/first.py took 0.791 seconds
[2023-05-12T20:09:23.808-0500] {processor.py:156} INFO - Started process (PID=7943) to work on /home/adavid/Programacion/Python/DataScience/airFlowDemo/airflow/dags/first.py
[2023-05-12T20:09:23.812-0500] {processor.py:799} INFO - Processing file /home/adavid/Programacion/Python/DataScience/airFlowDemo/airflow/dags/first.py for tasks to queue
[2023-05-12T20:09:23.815-0500] {logging_mixin.py:149} INFO - [2023-05-12T20:09:23.814-0500] {dagbag.py:541} INFO - Filling up the DagBag from /home/adavid/Programacion/Python/DataScience/airFlowDemo/airflow/dags/first.py
[2023-05-12T20:09:23.855-0500] {processor.py:809} INFO - DAG(s) dict_keys(['first']) retrieved from /home/adavid/Programacion/Python/DataScience/airFlowDemo/airflow/dags/first.py
[2023-05-12T20:09:23.958-0500] {logging_mixin.py:149} INFO - [2023-05-12T20:09:23.958-0500] {dag.py:2726} INFO - Sync 1 DAGs
[2023-05-12T20:09:24.038-0500] {logging_mixin.py:149} INFO - [2023-05-12T20:09:24.038-0500] {dag.py:3486} INFO - Setting next_dagrun for first to 2023-05-11T00:00:00+00:00, run_after=2023-05-12T00:00:00+00:00
[2023-05-12T20:09:24.128-0500] {processor.py:178} INFO - Processing /home/adavid/Programacion/Python/DataScience/airFlowDemo/airflow/dags/first.py took 0.332 seconds
[2023-05-12T20:09:54.553-0500] {processor.py:156} INFO - Started process (PID=7953) to work on /home/adavid/Programacion/Python/DataScience/airFlowDemo/airflow/dags/first.py
[2023-05-12T20:09:54.556-0500] {processor.py:799} INFO - Processing file /home/adavid/Programacion/Python/DataScience/airFlowDemo/airflow/dags/first.py for tasks to queue
[2023-05-12T20:09:54.559-0500] {logging_mixin.py:149} INFO - [2023-05-12T20:09:54.558-0500] {dagbag.py:541} INFO - Filling up the DagBag from /home/adavid/Programacion/Python/DataScience/airFlowDemo/airflow/dags/first.py
[2023-05-12T20:09:54.598-0500] {processor.py:809} INFO - DAG(s) dict_keys(['first']) retrieved from /home/adavid/Programacion/Python/DataScience/airFlowDemo/airflow/dags/first.py
[2023-05-12T20:09:54.690-0500] {logging_mixin.py:149} INFO - [2023-05-12T20:09:54.690-0500] {dag.py:2726} INFO - Sync 1 DAGs
[2023-05-12T20:09:54.776-0500] {logging_mixin.py:149} INFO - [2023-05-12T20:09:54.776-0500] {dag.py:3486} INFO - Setting next_dagrun for first to 2023-05-11T00:00:00+00:00, run_after=2023-05-12T00:00:00+00:00
[2023-05-12T20:09:54.861-0500] {processor.py:178} INFO - Processing /home/adavid/Programacion/Python/DataScience/airFlowDemo/airflow/dags/first.py took 0.320 seconds
[2023-05-12T20:10:25.952-0500] {processor.py:156} INFO - Started process (PID=7958) to work on /home/adavid/Programacion/Python/DataScience/airFlowDemo/airflow/dags/first.py
[2023-05-12T20:10:25.958-0500] {processor.py:799} INFO - Processing file /home/adavid/Programacion/Python/DataScience/airFlowDemo/airflow/dags/first.py for tasks to queue
[2023-05-12T20:10:25.960-0500] {logging_mixin.py:149} INFO - [2023-05-12T20:10:25.960-0500] {dagbag.py:541} INFO - Filling up the DagBag from /home/adavid/Programacion/Python/DataScience/airFlowDemo/airflow/dags/first.py
[2023-05-12T20:10:25.999-0500] {processor.py:809} INFO - DAG(s) dict_keys(['first']) retrieved from /home/adavid/Programacion/Python/DataScience/airFlowDemo/airflow/dags/first.py
[2023-05-12T20:10:26.120-0500] {logging_mixin.py:149} INFO - [2023-05-12T20:10:26.119-0500] {dag.py:2726} INFO - Sync 1 DAGs
[2023-05-12T20:10:26.211-0500] {logging_mixin.py:149} INFO - [2023-05-12T20:10:26.211-0500] {dag.py:3486} INFO - Setting next_dagrun for first to 2023-05-11T00:00:00+00:00, run_after=2023-05-12T00:00:00+00:00
[2023-05-12T20:10:26.319-0500] {processor.py:178} INFO - Processing /home/adavid/Programacion/Python/DataScience/airFlowDemo/airflow/dags/first.py took 0.378 seconds
[2023-05-12T20:10:56.553-0500] {processor.py:156} INFO - Started process (PID=7960) to work on /home/adavid/Programacion/Python/DataScience/airFlowDemo/airflow/dags/first.py
[2023-05-12T20:10:56.556-0500] {processor.py:799} INFO - Processing file /home/adavid/Programacion/Python/DataScience/airFlowDemo/airflow/dags/first.py for tasks to queue
[2023-05-12T20:10:56.559-0500] {logging_mixin.py:149} INFO - [2023-05-12T20:10:56.558-0500] {dagbag.py:541} INFO - Filling up the DagBag from /home/adavid/Programacion/Python/DataScience/airFlowDemo/airflow/dags/first.py
[2023-05-12T20:10:56.602-0500] {processor.py:809} INFO - DAG(s) dict_keys(['first']) retrieved from /home/adavid/Programacion/Python/DataScience/airFlowDemo/airflow/dags/first.py
[2023-05-12T20:10:56.702-0500] {logging_mixin.py:149} INFO - [2023-05-12T20:10:56.701-0500] {dag.py:2726} INFO - Sync 1 DAGs
[2023-05-12T20:10:56.801-0500] {logging_mixin.py:149} INFO - [2023-05-12T20:10:56.800-0500] {dag.py:3486} INFO - Setting next_dagrun for first to 2023-05-11T00:00:00+00:00, run_after=2023-05-12T00:00:00+00:00
[2023-05-12T20:10:56.957-0500] {processor.py:178} INFO - Processing /home/adavid/Programacion/Python/DataScience/airFlowDemo/airflow/dags/first.py took 0.418 seconds
[2023-05-12T20:11:27.964-0500] {processor.py:156} INFO - Started process (PID=7962) to work on /home/adavid/Programacion/Python/DataScience/airFlowDemo/airflow/dags/first.py
[2023-05-12T20:11:27.968-0500] {processor.py:799} INFO - Processing file /home/adavid/Programacion/Python/DataScience/airFlowDemo/airflow/dags/first.py for tasks to queue
[2023-05-12T20:11:27.970-0500] {logging_mixin.py:149} INFO - [2023-05-12T20:11:27.970-0500] {dagbag.py:541} INFO - Filling up the DagBag from /home/adavid/Programacion/Python/DataScience/airFlowDemo/airflow/dags/first.py
[2023-05-12T20:11:28.014-0500] {processor.py:809} INFO - DAG(s) dict_keys(['first']) retrieved from /home/adavid/Programacion/Python/DataScience/airFlowDemo/airflow/dags/first.py
[2023-05-12T20:11:28.121-0500] {logging_mixin.py:149} INFO - [2023-05-12T20:11:28.120-0500] {dag.py:2726} INFO - Sync 1 DAGs
[2023-05-12T20:11:28.216-0500] {logging_mixin.py:149} INFO - [2023-05-12T20:11:28.215-0500] {dag.py:3486} INFO - Setting next_dagrun for first to 2023-05-11T00:00:00+00:00, run_after=2023-05-12T00:00:00+00:00
[2023-05-12T20:11:28.300-0500] {processor.py:178} INFO - Processing /home/adavid/Programacion/Python/DataScience/airFlowDemo/airflow/dags/first.py took 0.348 seconds
[2023-05-12T20:11:58.635-0500] {processor.py:156} INFO - Started process (PID=7967) to work on /home/adavid/Programacion/Python/DataScience/airFlowDemo/airflow/dags/first.py
[2023-05-12T20:11:58.639-0500] {processor.py:799} INFO - Processing file /home/adavid/Programacion/Python/DataScience/airFlowDemo/airflow/dags/first.py for tasks to queue
[2023-05-12T20:11:58.646-0500] {logging_mixin.py:149} INFO - [2023-05-12T20:11:58.645-0500] {dagbag.py:541} INFO - Filling up the DagBag from /home/adavid/Programacion/Python/DataScience/airFlowDemo/airflow/dags/first.py
[2023-05-12T20:11:58.708-0500] {processor.py:809} INFO - DAG(s) dict_keys(['first']) retrieved from /home/adavid/Programacion/Python/DataScience/airFlowDemo/airflow/dags/first.py
[2023-05-12T20:11:58.932-0500] {logging_mixin.py:149} INFO - [2023-05-12T20:11:58.931-0500] {dag.py:2726} INFO - Sync 1 DAGs
[2023-05-12T20:11:59.035-0500] {logging_mixin.py:149} INFO - [2023-05-12T20:11:59.034-0500] {dag.py:3486} INFO - Setting next_dagrun for first to 2023-05-11T00:00:00+00:00, run_after=2023-05-12T00:00:00+00:00
[2023-05-12T20:11:59.149-0500] {processor.py:178} INFO - Processing /home/adavid/Programacion/Python/DataScience/airFlowDemo/airflow/dags/first.py took 0.535 seconds
[2023-05-12T20:12:29.325-0500] {processor.py:156} INFO - Started process (PID=7970) to work on /home/adavid/Programacion/Python/DataScience/airFlowDemo/airflow/dags/first.py
[2023-05-12T20:12:29.333-0500] {processor.py:799} INFO - Processing file /home/adavid/Programacion/Python/DataScience/airFlowDemo/airflow/dags/first.py for tasks to queue
[2023-05-12T20:12:29.337-0500] {logging_mixin.py:149} INFO - [2023-05-12T20:12:29.337-0500] {dagbag.py:541} INFO - Filling up the DagBag from /home/adavid/Programacion/Python/DataScience/airFlowDemo/airflow/dags/first.py
[2023-05-12T20:12:29.389-0500] {processor.py:809} INFO - DAG(s) dict_keys(['first']) retrieved from /home/adavid/Programacion/Python/DataScience/airFlowDemo/airflow/dags/first.py
[2023-05-12T20:12:29.529-0500] {logging_mixin.py:149} INFO - [2023-05-12T20:12:29.526-0500] {dag.py:2726} INFO - Sync 1 DAGs
[2023-05-12T20:12:29.611-0500] {logging_mixin.py:149} INFO - [2023-05-12T20:12:29.610-0500] {dag.py:3486} INFO - Setting next_dagrun for first to 2023-05-11T00:00:00+00:00, run_after=2023-05-12T00:00:00+00:00
[2023-05-12T20:12:29.698-0500] {processor.py:178} INFO - Processing /home/adavid/Programacion/Python/DataScience/airFlowDemo/airflow/dags/first.py took 0.392 seconds
[2023-05-12T20:13:00.015-0500] {processor.py:156} INFO - Started process (PID=7972) to work on /home/adavid/Programacion/Python/DataScience/airFlowDemo/airflow/dags/first.py
[2023-05-12T20:13:00.033-0500] {processor.py:799} INFO - Processing file /home/adavid/Programacion/Python/DataScience/airFlowDemo/airflow/dags/first.py for tasks to queue
[2023-05-12T20:13:00.036-0500] {logging_mixin.py:149} INFO - [2023-05-12T20:13:00.035-0500] {dagbag.py:541} INFO - Filling up the DagBag from /home/adavid/Programacion/Python/DataScience/airFlowDemo/airflow/dags/first.py
[2023-05-12T20:13:00.075-0500] {processor.py:809} INFO - DAG(s) dict_keys(['first']) retrieved from /home/adavid/Programacion/Python/DataScience/airFlowDemo/airflow/dags/first.py
[2023-05-12T20:13:00.173-0500] {logging_mixin.py:149} INFO - [2023-05-12T20:13:00.172-0500] {dag.py:2726} INFO - Sync 1 DAGs
[2023-05-12T20:13:00.263-0500] {logging_mixin.py:149} INFO - [2023-05-12T20:13:00.262-0500] {dag.py:3486} INFO - Setting next_dagrun for first to 2023-05-11T00:00:00+00:00, run_after=2023-05-12T00:00:00+00:00
[2023-05-12T20:13:00.350-0500] {processor.py:178} INFO - Processing /home/adavid/Programacion/Python/DataScience/airFlowDemo/airflow/dags/first.py took 0.349 seconds
[2023-05-12T20:13:31.486-0500] {processor.py:156} INFO - Started process (PID=7977) to work on /home/adavid/Programacion/Python/DataScience/airFlowDemo/airflow/dags/first.py
[2023-05-12T20:13:31.505-0500] {processor.py:799} INFO - Processing file /home/adavid/Programacion/Python/DataScience/airFlowDemo/airflow/dags/first.py for tasks to queue
[2023-05-12T20:13:31.508-0500] {logging_mixin.py:149} INFO - [2023-05-12T20:13:31.508-0500] {dagbag.py:541} INFO - Filling up the DagBag from /home/adavid/Programacion/Python/DataScience/airFlowDemo/airflow/dags/first.py
[2023-05-12T20:13:31.602-0500] {processor.py:809} INFO - DAG(s) dict_keys(['first']) retrieved from /home/adavid/Programacion/Python/DataScience/airFlowDemo/airflow/dags/first.py
[2023-05-12T20:13:31.881-0500] {logging_mixin.py:149} INFO - [2023-05-12T20:13:31.880-0500] {dag.py:2726} INFO - Sync 1 DAGs
[2023-05-12T20:13:32.079-0500] {logging_mixin.py:149} INFO - [2023-05-12T20:13:32.062-0500] {dag.py:3486} INFO - Setting next_dagrun for first to 2023-05-11T00:00:00+00:00, run_after=2023-05-12T00:00:00+00:00
[2023-05-12T20:13:32.240-0500] {processor.py:178} INFO - Processing /home/adavid/Programacion/Python/DataScience/airFlowDemo/airflow/dags/first.py took 0.799 seconds
[2023-05-12T20:14:03.701-0500] {processor.py:156} INFO - Started process (PID=7985) to work on /home/adavid/Programacion/Python/DataScience/airFlowDemo/airflow/dags/first.py
[2023-05-12T20:14:03.721-0500] {processor.py:799} INFO - Processing file /home/adavid/Programacion/Python/DataScience/airFlowDemo/airflow/dags/first.py for tasks to queue
[2023-05-12T20:14:03.735-0500] {logging_mixin.py:149} INFO - [2023-05-12T20:14:03.735-0500] {dagbag.py:541} INFO - Filling up the DagBag from /home/adavid/Programacion/Python/DataScience/airFlowDemo/airflow/dags/first.py
[2023-05-12T20:14:03.840-0500] {processor.py:809} INFO - DAG(s) dict_keys(['first']) retrieved from /home/adavid/Programacion/Python/DataScience/airFlowDemo/airflow/dags/first.py
[2023-05-12T20:14:03.978-0500] {logging_mixin.py:149} INFO - [2023-05-12T20:14:03.978-0500] {dag.py:2726} INFO - Sync 1 DAGs
[2023-05-12T20:14:04.129-0500] {logging_mixin.py:149} INFO - [2023-05-12T20:14:04.129-0500] {dag.py:3486} INFO - Setting next_dagrun for first to 2023-05-11T00:00:00+00:00, run_after=2023-05-12T00:00:00+00:00
[2023-05-12T20:14:04.361-0500] {processor.py:178} INFO - Processing /home/adavid/Programacion/Python/DataScience/airFlowDemo/airflow/dags/first.py took 0.672 seconds
[2023-05-12T20:14:34.651-0500] {processor.py:156} INFO - Started process (PID=7987) to work on /home/adavid/Programacion/Python/DataScience/airFlowDemo/airflow/dags/first.py
[2023-05-12T20:14:34.654-0500] {processor.py:799} INFO - Processing file /home/adavid/Programacion/Python/DataScience/airFlowDemo/airflow/dags/first.py for tasks to queue
[2023-05-12T20:14:34.657-0500] {logging_mixin.py:149} INFO - [2023-05-12T20:14:34.656-0500] {dagbag.py:541} INFO - Filling up the DagBag from /home/adavid/Programacion/Python/DataScience/airFlowDemo/airflow/dags/first.py
[2023-05-12T20:14:34.695-0500] {processor.py:809} INFO - DAG(s) dict_keys(['first']) retrieved from /home/adavid/Programacion/Python/DataScience/airFlowDemo/airflow/dags/first.py
[2023-05-12T20:14:34.805-0500] {logging_mixin.py:149} INFO - [2023-05-12T20:14:34.805-0500] {dag.py:2726} INFO - Sync 1 DAGs
[2023-05-12T20:14:34.883-0500] {logging_mixin.py:149} INFO - [2023-05-12T20:14:34.883-0500] {dag.py:3486} INFO - Setting next_dagrun for first to 2023-05-11T00:00:00+00:00, run_after=2023-05-12T00:00:00+00:00
[2023-05-12T20:14:34.969-0500] {processor.py:178} INFO - Processing /home/adavid/Programacion/Python/DataScience/airFlowDemo/airflow/dags/first.py took 0.329 seconds
[2023-05-12T20:15:06.966-0500] {processor.py:156} INFO - Started process (PID=7997) to work on /home/adavid/Programacion/Python/DataScience/airFlowDemo/airflow/dags/first.py
[2023-05-12T20:15:06.977-0500] {processor.py:799} INFO - Processing file /home/adavid/Programacion/Python/DataScience/airFlowDemo/airflow/dags/first.py for tasks to queue
[2023-05-12T20:15:06.979-0500] {logging_mixin.py:149} INFO - [2023-05-12T20:15:06.979-0500] {dagbag.py:541} INFO - Filling up the DagBag from /home/adavid/Programacion/Python/DataScience/airFlowDemo/airflow/dags/first.py
[2023-05-12T20:15:07.073-0500] {processor.py:809} INFO - DAG(s) dict_keys(['first']) retrieved from /home/adavid/Programacion/Python/DataScience/airFlowDemo/airflow/dags/first.py
[2023-05-12T20:15:07.246-0500] {logging_mixin.py:149} INFO - [2023-05-12T20:15:07.244-0500] {dag.py:2726} INFO - Sync 1 DAGs
[2023-05-12T20:15:07.362-0500] {logging_mixin.py:149} INFO - [2023-05-12T20:15:07.361-0500] {dag.py:3486} INFO - Setting next_dagrun for first to 2023-05-12T00:00:00+00:00, run_after=2023-05-13T00:00:00+00:00
[2023-05-12T20:15:08.003-0500] {processor.py:178} INFO - Processing /home/adavid/Programacion/Python/DataScience/airFlowDemo/airflow/dags/first.py took 1.048 seconds
[2023-05-12T20:16:00.749-0500] {processor.py:156} INFO - Started process (PID=8013) to work on /home/adavid/Programacion/Python/DataScience/airFlowDemo/airflow/dags/first.py
[2023-05-12T20:16:00.783-0500] {processor.py:799} INFO - Processing file /home/adavid/Programacion/Python/DataScience/airFlowDemo/airflow/dags/first.py for tasks to queue
[2023-05-12T20:16:00.785-0500] {logging_mixin.py:149} INFO - [2023-05-12T20:16:00.785-0500] {dagbag.py:541} INFO - Filling up the DagBag from /home/adavid/Programacion/Python/DataScience/airFlowDemo/airflow/dags/first.py
[2023-05-12T20:16:00.832-0500] {processor.py:809} INFO - DAG(s) dict_keys(['first']) retrieved from /home/adavid/Programacion/Python/DataScience/airFlowDemo/airflow/dags/first.py
[2023-05-12T20:16:00.984-0500] {logging_mixin.py:149} INFO - [2023-05-12T20:16:00.984-0500] {dag.py:2726} INFO - Sync 1 DAGs
[2023-05-12T20:16:01.120-0500] {logging_mixin.py:149} INFO - [2023-05-12T20:16:01.119-0500] {dag.py:3486} INFO - Setting next_dagrun for first to 2023-05-13T00:00:00+00:00, run_after=2023-05-14T00:00:00+00:00
[2023-05-12T20:16:01.786-0500] {processor.py:178} INFO - Processing /home/adavid/Programacion/Python/DataScience/airFlowDemo/airflow/dags/first.py took 1.048 seconds
[2023-05-12T20:16:32.172-0500] {processor.py:156} INFO - Started process (PID=8165) to work on /home/adavid/Programacion/Python/DataScience/airFlowDemo/airflow/dags/first.py
[2023-05-12T20:16:32.187-0500] {processor.py:799} INFO - Processing file /home/adavid/Programacion/Python/DataScience/airFlowDemo/airflow/dags/first.py for tasks to queue
[2023-05-12T20:16:32.189-0500] {logging_mixin.py:149} INFO - [2023-05-12T20:16:32.189-0500] {dagbag.py:541} INFO - Filling up the DagBag from /home/adavid/Programacion/Python/DataScience/airFlowDemo/airflow/dags/first.py
[2023-05-12T20:16:32.275-0500] {processor.py:809} INFO - DAG(s) dict_keys(['first']) retrieved from /home/adavid/Programacion/Python/DataScience/airFlowDemo/airflow/dags/first.py
[2023-05-12T20:16:32.442-0500] {logging_mixin.py:149} INFO - [2023-05-12T20:16:32.442-0500] {dag.py:2726} INFO - Sync 1 DAGs
[2023-05-12T20:16:32.596-0500] {logging_mixin.py:149} INFO - [2023-05-12T20:16:32.596-0500] {dag.py:3486} INFO - Setting next_dagrun for first to 2023-05-13T00:00:00+00:00, run_after=2023-05-14T00:00:00+00:00
[2023-05-12T20:16:33.399-0500] {processor.py:178} INFO - Processing /home/adavid/Programacion/Python/DataScience/airFlowDemo/airflow/dags/first.py took 1.260 seconds
[2023-05-12T20:17:03.830-0500] {processor.py:156} INFO - Started process (PID=8199) to work on /home/adavid/Programacion/Python/DataScience/airFlowDemo/airflow/dags/first.py
[2023-05-12T20:17:03.865-0500] {processor.py:799} INFO - Processing file /home/adavid/Programacion/Python/DataScience/airFlowDemo/airflow/dags/first.py for tasks to queue
[2023-05-12T20:17:03.871-0500] {logging_mixin.py:149} INFO - [2023-05-12T20:17:03.870-0500] {dagbag.py:541} INFO - Filling up the DagBag from /home/adavid/Programacion/Python/DataScience/airFlowDemo/airflow/dags/first.py
[2023-05-12T20:17:03.956-0500] {processor.py:809} INFO - DAG(s) dict_keys(['first']) retrieved from /home/adavid/Programacion/Python/DataScience/airFlowDemo/airflow/dags/first.py
[2023-05-12T20:17:04.178-0500] {logging_mixin.py:149} INFO - [2023-05-12T20:17:04.177-0500] {dag.py:2726} INFO - Sync 1 DAGs
[2023-05-12T20:17:05.338-0500] {logging_mixin.py:149} INFO - [2023-05-12T20:17:05.338-0500] {dag.py:3486} INFO - Setting next_dagrun for first to 2023-05-13T00:00:00+00:00, run_after=2023-05-14T00:00:00+00:00
[2023-05-12T20:17:05.617-0500] {processor.py:178} INFO - Processing /home/adavid/Programacion/Python/DataScience/airFlowDemo/airflow/dags/first.py took 1.831 seconds
[2023-05-12T20:17:36.354-0500] {processor.py:156} INFO - Started process (PID=8206) to work on /home/adavid/Programacion/Python/DataScience/airFlowDemo/airflow/dags/first.py
[2023-05-12T20:17:36.386-0500] {processor.py:799} INFO - Processing file /home/adavid/Programacion/Python/DataScience/airFlowDemo/airflow/dags/first.py for tasks to queue
[2023-05-12T20:17:36.391-0500] {logging_mixin.py:149} INFO - [2023-05-12T20:17:36.388-0500] {dagbag.py:541} INFO - Filling up the DagBag from /home/adavid/Programacion/Python/DataScience/airFlowDemo/airflow/dags/first.py
[2023-05-12T20:17:36.430-0500] {processor.py:809} INFO - DAG(s) dict_keys(['first']) retrieved from /home/adavid/Programacion/Python/DataScience/airFlowDemo/airflow/dags/first.py
[2023-05-12T20:17:36.563-0500] {logging_mixin.py:149} INFO - [2023-05-12T20:17:36.562-0500] {dag.py:2726} INFO - Sync 1 DAGs
[2023-05-12T20:17:37.256-0500] {logging_mixin.py:149} INFO - [2023-05-12T20:17:37.256-0500] {dag.py:3486} INFO - Setting next_dagrun for first to 2023-05-13T00:00:00+00:00, run_after=2023-05-14T00:00:00+00:00
[2023-05-12T20:17:37.388-0500] {processor.py:178} INFO - Processing /home/adavid/Programacion/Python/DataScience/airFlowDemo/airflow/dags/first.py took 1.048 seconds
[2023-05-12T20:18:07.767-0500] {processor.py:156} INFO - Started process (PID=8212) to work on /home/adavid/Programacion/Python/DataScience/airFlowDemo/airflow/dags/first.py
[2023-05-12T20:18:07.777-0500] {processor.py:799} INFO - Processing file /home/adavid/Programacion/Python/DataScience/airFlowDemo/airflow/dags/first.py for tasks to queue
[2023-05-12T20:18:07.785-0500] {logging_mixin.py:149} INFO - [2023-05-12T20:18:07.785-0500] {dagbag.py:541} INFO - Filling up the DagBag from /home/adavid/Programacion/Python/DataScience/airFlowDemo/airflow/dags/first.py
[2023-05-12T20:18:07.870-0500] {processor.py:809} INFO - DAG(s) dict_keys(['first']) retrieved from /home/adavid/Programacion/Python/DataScience/airFlowDemo/airflow/dags/first.py
[2023-05-12T20:18:08.044-0500] {logging_mixin.py:149} INFO - [2023-05-12T20:18:08.043-0500] {dag.py:2726} INFO - Sync 1 DAGs
[2023-05-12T20:18:08.599-0500] {logging_mixin.py:149} INFO - [2023-05-12T20:18:08.598-0500] {dag.py:3486} INFO - Setting next_dagrun for first to 2023-05-13T00:00:00+00:00, run_after=2023-05-14T00:00:00+00:00
[2023-05-12T20:18:08.720-0500] {processor.py:178} INFO - Processing /home/adavid/Programacion/Python/DataScience/airFlowDemo/airflow/dags/first.py took 0.993 seconds
[2023-05-12T20:18:39.642-0500] {processor.py:156} INFO - Started process (PID=8219) to work on /home/adavid/Programacion/Python/DataScience/airFlowDemo/airflow/dags/first.py
[2023-05-12T20:18:39.658-0500] {processor.py:799} INFO - Processing file /home/adavid/Programacion/Python/DataScience/airFlowDemo/airflow/dags/first.py for tasks to queue
[2023-05-12T20:18:39.660-0500] {logging_mixin.py:149} INFO - [2023-05-12T20:18:39.659-0500] {dagbag.py:541} INFO - Filling up the DagBag from /home/adavid/Programacion/Python/DataScience/airFlowDemo/airflow/dags/first.py
[2023-05-12T20:18:39.759-0500] {processor.py:809} INFO - DAG(s) dict_keys(['first']) retrieved from /home/adavid/Programacion/Python/DataScience/airFlowDemo/airflow/dags/first.py
[2023-05-12T20:18:40.815-0500] {logging_mixin.py:149} INFO - [2023-05-12T20:18:40.814-0500] {dag.py:2726} INFO - Sync 1 DAGs
[2023-05-12T20:18:41.030-0500] {logging_mixin.py:149} INFO - [2023-05-12T20:18:41.029-0500] {dag.py:3486} INFO - Setting next_dagrun for first to 2023-05-13T00:00:00+00:00, run_after=2023-05-14T00:00:00+00:00
[2023-05-12T20:18:41.178-0500] {processor.py:178} INFO - Processing /home/adavid/Programacion/Python/DataScience/airFlowDemo/airflow/dags/first.py took 1.595 seconds
